<?xml version="1.0" encoding="UTF-8"?>
<!-- Generated by org.testng.reporters.JUnitXMLReporter -->
<testsuite hostname="LAPTOP-7FSUIB7C" ignored="0" name="Default test" tests="4" failures="0" timestamp="2020-05-20T20:59:09 ART" time="7.225" errors="0">
  <testcase name="f" time="1.504" classname="Pruebas.Laboratorio4_E1"/>
  <testcase name="ingreso" time="1.828" classname="Pruebas.Laboratorio4_E1"/>
  <testcase name="ingreso" time="1.828" classname="Pruebas.Laboratorio4_E1"/>
  <testcase name="ingreso" time="1.526" classname="Pruebas.Laboratorio4_E1"/>
</testsuite> <!-- Default test -->
