<?xml version="1.0" encoding="UTF-8"?>
<testng-results skipped="0" failed="0" ignored="0" total="4" passed="4">
  <reporter-output>
  </reporter-output>
  <suite name="Default suite" duration-ms="7225" started-at="2020-05-20T20:59:02 ART" finished-at="2020-05-20T20:59:09 ART">
    <groups>
    </groups>
    <test name="Default test" duration-ms="7225" started-at="2020-05-20T20:59:02 ART" finished-at="2020-05-20T20:59:09 ART">
      <class name="Pruebas.Laboratorio4_E1">
        <test-method status="PASS" signature="setUp()[pri:0, instance:Pruebas.Laboratorio4_E1@1f7030a6]" name="setUp" is-config="true" duration-ms="7386" started-at="2020-05-20T20:58:54 ART" finished-at="2020-05-20T20:59:02 ART">
          <reporter-output>
          </reporter-output>
        </test-method> <!-- setUp -->
        <test-method status="PASS" signature="f()[pri:0, instance:Pruebas.Laboratorio4_E1@1f7030a6]" name="f" duration-ms="1504" started-at="2020-05-20T20:59:02 ART" finished-at="2020-05-20T20:59:03 ART">
          <reporter-output>
          </reporter-output>
        </test-method> <!-- f -->
        <test-method status="PASS" signature="ingreso(java.lang.String, java.lang.String)[pri:1, instance:Pruebas.Laboratorio4_E1@1f7030a6]" name="ingreso" duration-ms="1828" started-at="2020-05-20T20:59:04 ART" data-provider="Registro invalido excel" finished-at="2020-05-20T20:59:06 ART">
          <params>
            <param index="0">
              <value>
                <![CDATA[Nadia]]>
              </value>
            </param>
            <param index="1">
              <value>
                <![CDATA[Test1234]]>
              </value>
            </param>
          </params>
          <reporter-output>
          </reporter-output>
        </test-method> <!-- ingreso -->
        <test-method status="PASS" signature="ingreso(java.lang.String, java.lang.String)[pri:1, instance:Pruebas.Laboratorio4_E1@1f7030a6]" name="ingreso" duration-ms="1828" started-at="2020-05-20T20:59:06 ART" data-provider="Registro invalido excel" finished-at="2020-05-20T20:59:07 ART">
          <params>
            <param index="0">
              <value>
                <![CDATA[Pedro]]>
              </value>
            </param>
            <param index="1">
              <value>
                <![CDATA[Test3455]]>
              </value>
            </param>
          </params>
          <reporter-output>
          </reporter-output>
        </test-method> <!-- ingreso -->
        <test-method status="PASS" signature="ingreso(java.lang.String, java.lang.String)[pri:1, instance:Pruebas.Laboratorio4_E1@1f7030a6]" name="ingreso" duration-ms="1526" started-at="2020-05-20T20:59:07 ART" data-provider="Registro invalido excel" finished-at="2020-05-20T20:59:09 ART">
          <params>
            <param index="0">
              <value>
                <![CDATA[Lucas]]>
              </value>
            </param>
            <param index="1">
              <value>
                <![CDATA[8899io]]>
              </value>
            </param>
          </params>
          <reporter-output>
          </reporter-output>
        </test-method> <!-- ingreso -->
        <test-method status="PASS" signature="afterSuite()[pri:0, instance:Pruebas.Laboratorio4_E1@1f7030a6]" name="afterSuite" is-config="true" duration-ms="0" started-at="2020-05-20T20:59:09 ART" finished-at="2020-05-20T20:59:09 ART">
          <reporter-output>
          </reporter-output>
        </test-method> <!-- afterSuite -->
      </class> <!-- Pruebas.Laboratorio4_E1 -->
    </test> <!-- Default test -->
  </suite> <!-- Default suite -->
</testng-results>
